<?xml version="1.0" encoding="UTF-8"?>
<robot generator="Robot 6.0.2 (Python 3.11.2 on win32)" generated="20230724 17:20:49.729" rpa="false" schemaversion="3">
<suite id="s1" name="Gestao-Ferias" source="D:\Desktopper\fuerza-studio-teste-automatizado-robot\tests\front\gestao-ferias.robot">
<test id="s1-t1" name="CT01 - Cenário Sucesso: Acesso ao painel de Gestão de Ferias" line="15">
<kw name="Abrir navegador" library="main" type="SETUP">
<kw name="New Browser" library="Browser">
<arg>browser=chromium</arg>
<arg>headless=False</arg>
<tag>BrowserControl</tag>
<tag>Setter</tag>
<doc>Create a new playwright Browser with specified options.</doc>
<msg timestamp="20230724 17:20:51.121" level="INFO">{"browser": "chromium", "headless": false, "devtools": false, "handleSIGHUP": true, "handleSIGINT": true, "handleSIGTERM": true, "slowMo": 0.0, "timeout": 30000.0, "deprecated_pos_args": [], "tracesDir": "D:\\Desktopper\\fuerza-studio-teste-automatizado-robot\\browser\\traces\\50ec40af-d8aa-474f-b746-0bf0e811d68f"}</msg>
<msg timestamp="20230724 17:20:53.102" level="INFO">Successfully created browser with options: {"browser":"chromium","headless":false,"devtools":false,"handleSIGHUP":true,"handleSIGINT":true,"handleSIGTERM":true,"slowMo":0,"timeout":30000,"deprecated_pos_args":[],"tracesDir":"D:\\Desktopper\\fuerza-studio-teste-automatizado-robot\\browser\\traces\\50ec40af-d8aa-474f-b746-0bf0e811d68f"}</msg>
<status status="PASS" starttime="20230724 17:20:51.120" endtime="20230724 17:20:53.103"/>
</kw>
<kw name="Set Browser Timeout" library="Browser">
<arg>20</arg>
<tag>Config</tag>
<tag>Setter</tag>
<doc>Sets the timeout used by most input and getter keywords.</doc>
<msg timestamp="20230724 17:20:53.108" level="INFO">No context open.</msg>
<status status="PASS" starttime="20230724 17:20:53.103" endtime="20230724 17:20:53.108"/>
</kw>
<kw name="New Context" library="Browser">
<arg>viewport={'width': 1920, 'height': 1080}</arg>
<arg>acceptDownloads=True</arg>
<tag>BrowserControl</tag>
<tag>Setter</tag>
<doc>Create a new BrowserContext with specified options.</doc>
<msg timestamp="20230724 17:20:53.110" level="INFO">{
  "acceptDownloads": true,
  "bypassCSP": false,
  "forcedColors": "none",
  "hideRfBrowser": false,
  "ignoreHTTPSErrors": false,
  "javaScriptEnabled": true,
  "offline": false,
  "reducedMotion": "no-preference",
  "viewport": {
    "width": 1920,
    "height": 1080
  },
  "deprecated_pos_args": []
}</msg>
<msg timestamp="20230724 17:20:53.138" level="INFO">Successfully created context. </msg>
<msg timestamp="20230724 17:20:53.138" level="INFO">{'acceptDownloads': True, 'bypassCSP': False, 'forcedColors': 'none', 'hideRfBrowser': False, 'ignoreHTTPSErrors': False, 'javaScriptEnabled': True, 'offline': False, 'reducedMotion': 'no-preference', 'viewport': {'width': 1920, 'height': 1080}, 'deprecated_pos_args': []}</msg>
<status status="PASS" starttime="20230724 17:20:53.108" endtime="20230724 17:20:53.139"/>
</kw>
<status status="PASS" starttime="20230724 17:20:51.119" endtime="20230724 17:20:53.140"/>
</kw>
<kw name="Dado que acesso painel de gestão de ferias" library="gestao-ferias">
<kw name="New Page" library="Browser">
<arg>${URL_FRONT}</arg>
<tag>BrowserControl</tag>
<tag>Setter</tag>
<doc>Open a new Page.</doc>
<msg timestamp="20230724 17:20:54.170" level="INFO">Successfully initialized new page object and opened url: https://jr-qa.fuerza.space/</msg>
<status status="PASS" starttime="20230724 17:20:53.142" endtime="20230724 17:20:54.170"/>
</kw>
<kw name="Get Title" library="Browser">
<var>${GET_TITLE}</var>
<tag>Assertion</tag>
<tag>Getter</tag>
<tag>PageContent</tag>
<doc>Returns the title of the current page.</doc>
<msg timestamp="20230724 17:20:54.191" level="INFO">Title: 'Fuerza Space'</msg>
<msg timestamp="20230724 17:20:54.191" level="INFO">${GET_TITLE} = Fuerza Space</msg>
<status status="PASS" starttime="20230724 17:20:54.170" endtime="20230724 17:20:54.191"/>
</kw>
<kw name="Should Be Equal As Strings" library="BuiltIn">
<arg>${GET_TITLE}</arg>
<arg>${TITLE}</arg>
<doc>Fails if objects are unequal after converting them to strings.</doc>
<status status="PASS" starttime="20230724 17:20:54.191" endtime="20230724 17:20:54.191"/>
</kw>
<status status="PASS" starttime="20230724 17:20:53.141" endtime="20230724 17:20:54.192"/>
</kw>
<kw name="Quando a tela é carregada corretamente" library="gestao-ferias">
<kw name="Wait For Elements State" library="Browser">
<arg>${BOTAO_APPROVE}</arg>
<arg>visible</arg>
<arg>timeout=10s</arg>
<tag>PageContent</tag>
<tag>Wait</tag>
<doc>Waits for the element found by ``selector`` to satisfy state option.</doc>
<msg timestamp="20230724 17:20:55.573" level="INFO">Waited for Element with selector (//button[contains(.,'approve_')])[1] at state visible</msg>
<status status="PASS" starttime="20230724 17:20:54.193" endtime="20230724 17:20:55.573"/>
</kw>
<status status="PASS" starttime="20230724 17:20:54.192" endtime="20230724 17:20:55.573"/>
</kw>
<kw name=" Então visualizo as solicitações de ferias" library="gestao-ferias">
<kw name="Wait For Elements State" library="Browser">
<arg>${ITEM_FERIAS}</arg>
<arg>visible</arg>
<arg>timeout=10s</arg>
<tag>PageContent</tag>
<tag>Wait</tag>
<doc>Waits for the element found by ``selector`` to satisfy state option.</doc>
<msg timestamp="20230724 17:20:55.588" level="INFO">Waited for Element with selector //img[@alt='The Turnip Avenger'] at state visible</msg>
<status status="PASS" starttime="20230724 17:20:55.574" endtime="20230724 17:20:55.588"/>
</kw>
<status status="PASS" starttime="20230724 17:20:55.574" endtime="20230724 17:20:55.588"/>
</kw>
<kw name="Finish Test" library="main" type="TEARDOWN">
<kw name="Take Screenshot" library="Browser">
<tag>PageContent</tag>
<doc>Takes a screenshot of the current window or element and saves it to disk.</doc>
<msg timestamp="20230724 17:20:55.786" level="INFO" html="true">&lt;/td&gt;&lt;/tr&gt;&lt;tr&gt;&lt;td colspan="3"&gt;&lt;a href="browser/screenshot/robotframework-browser-screenshot-1.png" target="_blank"&gt;&lt;img src="browser/screenshot/robotframework-browser-screenshot-1.png" width="800px"/&gt;&lt;/a&gt;</msg>
<status status="PASS" starttime="20230724 17:20:55.589" endtime="20230724 17:20:55.786"/>
</kw>
<status status="PASS" starttime="20230724 17:20:55.589" endtime="20230724 17:20:55.786"/>
</kw>
<status status="PASS" starttime="20230724 17:20:51.114" endtime="20230724 17:20:55.787"/>
</test>
<test id="s1-t2" name="CT02 - Cenário Sucesso: Aprovo uma solicitação de ferias" line="20">
<kw name="Abrir navegador" library="main" type="SETUP">
<kw name="New Browser" library="Browser">
<arg>browser=chromium</arg>
<arg>headless=False</arg>
<tag>BrowserControl</tag>
<tag>Setter</tag>
<doc>Create a new playwright Browser with specified options.</doc>
<msg timestamp="20230724 17:20:55.910" level="INFO">Switching browser to browser=cb395793-6a56-41b7-bd67-7c096153a23c</msg>
<msg timestamp="20230724 17:20:55.914" level="INFO">Successfully changed active browser</msg>
<msg timestamp="20230724 17:20:55.914" level="INFO">Reusing existing browser with id: browser=cb395793-6a56-41b7-bd67-7c096153a23c</msg>
<status status="PASS" starttime="20230724 17:20:55.910" endtime="20230724 17:20:55.914"/>
</kw>
<kw name="Set Browser Timeout" library="Browser">
<arg>20</arg>
<tag>Config</tag>
<tag>Setter</tag>
<doc>Sets the timeout used by most input and getter keywords.</doc>
<status status="PASS" starttime="20230724 17:20:55.916" endtime="20230724 17:20:55.919"/>
</kw>
<kw name="New Context" library="Browser">
<arg>viewport={'width': 1920, 'height': 1080}</arg>
<arg>acceptDownloads=True</arg>
<tag>BrowserControl</tag>
<tag>Setter</tag>
<doc>Create a new BrowserContext with specified options.</doc>
<msg timestamp="20230724 17:20:55.922" level="INFO">{
  "acceptDownloads": true,
  "bypassCSP": false,
  "forcedColors": "none",
  "hideRfBrowser": false,
  "ignoreHTTPSErrors": false,
  "javaScriptEnabled": true,
  "offline": false,
  "reducedMotion": "no-preference",
  "viewport": {
    "width": 1920,
    "height": 1080
  },
  "deprecated_pos_args": []
}</msg>
<msg timestamp="20230724 17:20:55.941" level="INFO">Successfully created context. </msg>
<msg timestamp="20230724 17:20:55.941" level="INFO">{'acceptDownloads': True, 'bypassCSP': False, 'forcedColors': 'none', 'hideRfBrowser': False, 'ignoreHTTPSErrors': False, 'javaScriptEnabled': True, 'offline': False, 'reducedMotion': 'no-preference', 'viewport': {'width': 1920, 'height': 1080}, 'deprecated_pos_args': []}</msg>
<status status="PASS" starttime="20230724 17:20:55.920" endtime="20230724 17:20:55.941"/>
</kw>
<status status="PASS" starttime="20230724 17:20:55.909" endtime="20230724 17:20:55.942"/>
</kw>
<kw name="Dado que acesso painel de gestão de ferias" library="gestao-ferias">
<kw name="New Page" library="Browser">
<arg>${URL_FRONT}</arg>
<tag>BrowserControl</tag>
<tag>Setter</tag>
<doc>Open a new Page.</doc>
<msg timestamp="20230724 17:20:56.797" level="INFO">Successfully initialized new page object and opened url: https://jr-qa.fuerza.space/</msg>
<status status="PASS" starttime="20230724 17:20:55.943" endtime="20230724 17:20:56.797"/>
</kw>
<kw name="Get Title" library="Browser">
<var>${GET_TITLE}</var>
<tag>Assertion</tag>
<tag>Getter</tag>
<tag>PageContent</tag>
<doc>Returns the title of the current page.</doc>
<msg timestamp="20230724 17:20:56.817" level="INFO">Title: 'Fuerza Space'</msg>
<msg timestamp="20230724 17:20:56.818" level="INFO">${GET_TITLE} = Fuerza Space</msg>
<status status="PASS" starttime="20230724 17:20:56.798" endtime="20230724 17:20:56.818"/>
</kw>
<kw name="Should Be Equal As Strings" library="BuiltIn">
<arg>${GET_TITLE}</arg>
<arg>${TITLE}</arg>
<doc>Fails if objects are unequal after converting them to strings.</doc>
<status status="PASS" starttime="20230724 17:20:56.819" endtime="20230724 17:20:56.819"/>
</kw>
<status status="PASS" starttime="20230724 17:20:55.943" endtime="20230724 17:20:56.820"/>
</kw>
<kw name="Quando a tela é carregada corretamente" library="gestao-ferias">
<kw name="Wait For Elements State" library="Browser">
<arg>${BOTAO_APPROVE}</arg>
<arg>visible</arg>
<arg>timeout=10s</arg>
<tag>PageContent</tag>
<tag>Wait</tag>
<doc>Waits for the element found by ``selector`` to satisfy state option.</doc>
<msg timestamp="20230724 17:20:58.200" level="INFO">Waited for Element with selector (//button[contains(.,'approve_')])[1] at state visible</msg>
<status status="PASS" starttime="20230724 17:20:56.823" endtime="20230724 17:20:58.200"/>
</kw>
<status status="PASS" starttime="20230724 17:20:56.821" endtime="20230724 17:20:58.200"/>
</kw>
<kw name=" E clico no botão aprovar" library="gestao-ferias">
<kw name="Click" library="Browser">
<arg>${BOTAO_APPROVE}</arg>
<tag>PageContent</tag>
<tag>Setter</tag>
<doc>Simulates mouse click on the element found by ``selector``.</doc>
<status status="PASS" starttime="20230724 17:20:58.201" endtime="20230724 17:20:58.296"/>
</kw>
<status status="PASS" starttime="20230724 17:20:58.201" endtime="20230724 17:20:58.296"/>
</kw>
<kw name="E Preencho o formulario Colaborado com &quot;teste&quot;" library="gestao-ferias">
<kw name="Fill Text" library="Browser">
<arg>${FORM_COLABORADOR}</arg>
<arg>teste</arg>
<tag>PageContent</tag>
<tag>Setter</tag>
<doc>Clears and fills the given ``txt`` into the text field found by ``selector``.</doc>
<msg timestamp="20230724 17:20:58.298" level="INFO">Fills the text 'teste' in the given field.</msg>
<status status="PASS" starttime="20230724 17:20:58.298" endtime="20230724 17:20:58.321"/>
</kw>
<status status="PASS" starttime="20230724 17:20:58.297" endtime="20230724 17:20:58.322"/>
</kw>
<kw name="E Preencho o formulario Gestor com &quot;gestor teste&quot;" library="gestao-ferias">
<kw name="Fill Text" library="Browser">
<arg>${FORM_GESTOR}</arg>
<arg>gestor teste</arg>
<tag>PageContent</tag>
<tag>Setter</tag>
<doc>Clears and fills the given ``txt`` into the text field found by ``selector``.</doc>
<msg timestamp="20230724 17:20:58.323" level="INFO">Fills the text 'gestor teste' in the given field.</msg>
<status status="PASS" starttime="20230724 17:20:58.322" endtime="20230724 17:20:58.351"/>
</kw>
<status status="PASS" starttime="20230724 17:20:58.322" endtime="20230724 17:20:58.351"/>
</kw>
<kw name="E Clico no botão &quot;Aprovado&quot; do modal" library="gestao-ferias">
<kw name="Click" library="Browser">
<arg>${BOTAO_APROVADO}</arg>
<tag>PageContent</tag>
<tag>Setter</tag>
<doc>Simulates mouse click on the element found by ``selector``.</doc>
<status status="PASS" starttime="20230724 17:20:58.353" endtime="20230724 17:20:58.558"/>
</kw>
<status status="PASS" starttime="20230724 17:20:58.352" endtime="20230724 17:20:58.558"/>
</kw>
<kw name="Então o status da solicitação sera atualizado para &quot;Aprovado&quot;" library="gestao-ferias">
<kw name="Wait For Elements State" library="Browser">
<arg>${STATUS_APROVADO}</arg>
<arg>visible</arg>
<arg>timeout=10s</arg>
<tag>PageContent</tag>
<tag>Wait</tag>
<doc>Waits for the element found by ``selector`` to satisfy state option.</doc>
<msg timestamp="20230724 17:20:59.389" level="INFO">Waited for Element with selector //div[@data-test='4gfvkqfhj4ntneu'][contains(.,'APPROVED')] at state visible</msg>
<status status="PASS" starttime="20230724 17:20:58.560" endtime="20230724 17:20:59.389"/>
</kw>
<kw name="Sleep" library="BuiltIn">
<arg>2s</arg>
<doc>Pauses the test executed for the given time.</doc>
<msg timestamp="20230724 17:21:01.389" level="INFO">Slept 2 seconds</msg>
<status status="PASS" starttime="20230724 17:20:59.389" endtime="20230724 17:21:01.389"/>
</kw>
<status status="PASS" starttime="20230724 17:20:58.559" endtime="20230724 17:21:01.389"/>
</kw>
<kw name="Finish Test" library="main" type="TEARDOWN">
<kw name="Take Screenshot" library="Browser">
<tag>PageContent</tag>
<doc>Takes a screenshot of the current window or element and saves it to disk.</doc>
<msg timestamp="20230724 17:21:01.586" level="INFO" html="true">&lt;/td&gt;&lt;/tr&gt;&lt;tr&gt;&lt;td colspan="3"&gt;&lt;a href="browser/screenshot/robotframework-browser-screenshot-2.png" target="_blank"&gt;&lt;img src="browser/screenshot/robotframework-browser-screenshot-2.png" width="800px"/&gt;&lt;/a&gt;</msg>
<status status="PASS" starttime="20230724 17:21:01.390" endtime="20230724 17:21:01.586"/>
</kw>
<status status="PASS" starttime="20230724 17:21:01.390" endtime="20230724 17:21:01.586"/>
</kw>
<status status="PASS" starttime="20230724 17:20:55.906" endtime="20230724 17:21:01.587"/>
</test>
<test id="s1-t3" name="CT03 - Cenário Sucesso: Reprovo uma solicitação de ferias" line="29">
<kw name="Abrir navegador" library="main" type="SETUP">
<kw name="New Browser" library="Browser">
<arg>browser=chromium</arg>
<arg>headless=False</arg>
<tag>BrowserControl</tag>
<tag>Setter</tag>
<doc>Create a new playwright Browser with specified options.</doc>
<msg timestamp="20230724 17:21:01.724" level="INFO">Switching browser to browser=cb395793-6a56-41b7-bd67-7c096153a23c</msg>
<msg timestamp="20230724 17:21:01.726" level="INFO">Successfully changed active browser</msg>
<msg timestamp="20230724 17:21:01.727" level="INFO">Reusing existing browser with id: browser=cb395793-6a56-41b7-bd67-7c096153a23c</msg>
<status status="PASS" starttime="20230724 17:21:01.723" endtime="20230724 17:21:01.727"/>
</kw>
<kw name="Set Browser Timeout" library="Browser">
<arg>20</arg>
<tag>Config</tag>
<tag>Setter</tag>
<doc>Sets the timeout used by most input and getter keywords.</doc>
<status status="PASS" starttime="20230724 17:21:01.727" endtime="20230724 17:21:01.728"/>
</kw>
<kw name="New Context" library="Browser">
<arg>viewport={'width': 1920, 'height': 1080}</arg>
<arg>acceptDownloads=True</arg>
<tag>BrowserControl</tag>
<tag>Setter</tag>
<doc>Create a new BrowserContext with specified options.</doc>
<msg timestamp="20230724 17:21:01.733" level="INFO">{
  "acceptDownloads": true,
  "bypassCSP": false,
  "forcedColors": "none",
  "hideRfBrowser": false,
  "ignoreHTTPSErrors": false,
  "javaScriptEnabled": true,
  "offline": false,
  "reducedMotion": "no-preference",
  "viewport": {
    "width": 1920,
    "height": 1080
  },
  "deprecated_pos_args": []
}</msg>
<msg timestamp="20230724 17:21:01.753" level="INFO">Successfully created context. </msg>
<msg timestamp="20230724 17:21:01.753" level="INFO">{'acceptDownloads': True, 'bypassCSP': False, 'forcedColors': 'none', 'hideRfBrowser': False, 'ignoreHTTPSErrors': False, 'javaScriptEnabled': True, 'offline': False, 'reducedMotion': 'no-preference', 'viewport': {'width': 1920, 'height': 1080}, 'deprecated_pos_args': []}</msg>
<status status="PASS" starttime="20230724 17:21:01.730" endtime="20230724 17:21:01.753"/>
</kw>
<status status="PASS" starttime="20230724 17:21:01.722" endtime="20230724 17:21:01.753"/>
</kw>
<kw name="Dado que acesso painel de gestão de ferias" library="gestao-ferias">
<kw name="New Page" library="Browser">
<arg>${URL_FRONT}</arg>
<tag>BrowserControl</tag>
<tag>Setter</tag>
<doc>Open a new Page.</doc>
<msg timestamp="20230724 17:21:02.526" level="INFO">Successfully initialized new page object and opened url: https://jr-qa.fuerza.space/</msg>
<status status="PASS" starttime="20230724 17:21:01.755" endtime="20230724 17:21:02.526"/>
</kw>
<kw name="Get Title" library="Browser">
<var>${GET_TITLE}</var>
<tag>Assertion</tag>
<tag>Getter</tag>
<tag>PageContent</tag>
<doc>Returns the title of the current page.</doc>
<msg timestamp="20230724 17:21:02.548" level="INFO">Title: 'Fuerza Space'</msg>
<msg timestamp="20230724 17:21:02.548" level="INFO">${GET_TITLE} = Fuerza Space</msg>
<status status="PASS" starttime="20230724 17:21:02.526" endtime="20230724 17:21:02.548"/>
</kw>
<kw name="Should Be Equal As Strings" library="BuiltIn">
<arg>${GET_TITLE}</arg>
<arg>${TITLE}</arg>
<doc>Fails if objects are unequal after converting them to strings.</doc>
<status status="PASS" starttime="20230724 17:21:02.548" endtime="20230724 17:21:02.549"/>
</kw>
<status status="PASS" starttime="20230724 17:21:01.754" endtime="20230724 17:21:02.549"/>
</kw>
<kw name="Quando a tela é carregada corretamente" library="gestao-ferias">
<kw name="Wait For Elements State" library="Browser">
<arg>${BOTAO_APPROVE}</arg>
<arg>visible</arg>
<arg>timeout=10s</arg>
<tag>PageContent</tag>
<tag>Wait</tag>
<doc>Waits for the element found by ``selector`` to satisfy state option.</doc>
<msg timestamp="20230724 17:21:03.403" level="INFO">Waited for Element with selector (//button[contains(.,'approve_')])[1] at state visible</msg>
<status status="PASS" starttime="20230724 17:21:02.551" endtime="20230724 17:21:03.404"/>
</kw>
<status status="PASS" starttime="20230724 17:21:02.551" endtime="20230724 17:21:03.404"/>
</kw>
<kw name="E clico no botão reprovar" library="gestao-ferias">
<kw name="Click" library="Browser">
<arg>${BOTAO_REPROVE}</arg>
<tag>PageContent</tag>
<tag>Setter</tag>
<doc>Simulates mouse click on the element found by ``selector``.</doc>
<status status="PASS" starttime="20230724 17:21:03.405" endtime="20230724 17:21:03.496"/>
</kw>
<status status="PASS" starttime="20230724 17:21:03.404" endtime="20230724 17:21:03.497"/>
</kw>
<kw name="E Preencho o formulario Colaborado com &quot;teste&quot;" library="gestao-ferias">
<kw name="Fill Text" library="Browser">
<arg>${FORM_COLABORADOR}</arg>
<arg>teste</arg>
<tag>PageContent</tag>
<tag>Setter</tag>
<doc>Clears and fills the given ``txt`` into the text field found by ``selector``.</doc>
<msg timestamp="20230724 17:21:03.499" level="INFO">Fills the text 'teste' in the given field.</msg>
<status status="PASS" starttime="20230724 17:21:03.498" endtime="20230724 17:21:03.530"/>
</kw>
<status status="PASS" starttime="20230724 17:21:03.498" endtime="20230724 17:21:03.531"/>
</kw>
<kw name="E Preencho o formulario Gestor com &quot;gestor teste&quot;" library="gestao-ferias">
<kw name="Fill Text" library="Browser">
<arg>${FORM_GESTOR}</arg>
<arg>gestor teste</arg>
<tag>PageContent</tag>
<tag>Setter</tag>
<doc>Clears and fills the given ``txt`` into the text field found by ``selector``.</doc>
<msg timestamp="20230724 17:21:03.533" level="INFO">Fills the text 'gestor teste' in the given field.</msg>
<status status="PASS" starttime="20230724 17:21:03.533" endtime="20230724 17:21:03.560"/>
</kw>
<status status="PASS" starttime="20230724 17:21:03.532" endtime="20230724 17:21:03.561"/>
</kw>
<kw name="E Clico no botão &quot;Reprovado&quot; do modal" library="gestao-ferias">
<kw name="Click" library="Browser">
<arg>${BOTAO_REPROVADO}</arg>
<tag>PageContent</tag>
<tag>Setter</tag>
<doc>Simulates mouse click on the element found by ``selector``.</doc>
<status status="PASS" starttime="20230724 17:21:03.562" endtime="20230724 17:21:03.687"/>
</kw>
<status status="PASS" starttime="20230724 17:21:03.561" endtime="20230724 17:21:03.689"/>
</kw>
<kw name="Então o status da solicitação sera atualizado para &quot;Reprovado&quot;" library="gestao-ferias">
<kw name="Wait For Elements State" library="Browser">
<arg>${STATUS_REPROVADO}</arg>
<arg>visible</arg>
<arg>timeout=10s</arg>
<tag>PageContent</tag>
<tag>Wait</tag>
<doc>Waits for the element found by ``selector`` to satisfy state option.</doc>
<msg timestamp="20230724 17:21:04.527" level="INFO">Waited for Element with selector //div[@data-test='4gfvkqfhj4ntneu'][contains(.,'REPROVED')] at state visible</msg>
<status status="PASS" starttime="20230724 17:21:03.691" endtime="20230724 17:21:04.528"/>
</kw>
<kw name="Sleep" library="BuiltIn">
<arg>2s</arg>
<doc>Pauses the test executed for the given time.</doc>
<msg timestamp="20230724 17:21:06.528" level="INFO">Slept 2 seconds</msg>
<status status="PASS" starttime="20230724 17:21:04.528" endtime="20230724 17:21:06.528"/>
</kw>
<status status="PASS" starttime="20230724 17:21:03.691" endtime="20230724 17:21:06.528"/>
</kw>
<kw name="Finish Test" library="main" type="TEARDOWN">
<kw name="Take Screenshot" library="Browser">
<tag>PageContent</tag>
<doc>Takes a screenshot of the current window or element and saves it to disk.</doc>
<msg timestamp="20230724 17:21:06.721" level="INFO" html="true">&lt;/td&gt;&lt;/tr&gt;&lt;tr&gt;&lt;td colspan="3"&gt;&lt;a href="browser/screenshot/robotframework-browser-screenshot-3.png" target="_blank"&gt;&lt;img src="browser/screenshot/robotframework-browser-screenshot-3.png" width="800px"/&gt;&lt;/a&gt;</msg>
<status status="PASS" starttime="20230724 17:21:06.529" endtime="20230724 17:21:06.721"/>
</kw>
<status status="PASS" starttime="20230724 17:21:06.529" endtime="20230724 17:21:06.721"/>
</kw>
<status status="PASS" starttime="20230724 17:21:01.715" endtime="20230724 17:21:06.722"/>
</test>
<doc>Funcionalidade: Painel Gestão de Férias
Como usuário Gestor,
quero visualizar as solcitações de Ferias ,
bem como aprovar / reprova-las
</doc>
<status status="PASS" starttime="20230724 17:20:49.731" endtime="20230724 17:21:06.810"/>
</suite>
<statistics>
<total>
<stat pass="3" fail="0" skip="0">All Tests</stat>
</total>
<tag>
</tag>
<suite>
<stat pass="3" fail="0" skip="0" id="s1" name="Gestao-Ferias">Gestao-Ferias</stat>
</suite>
</statistics>
<errors>
</errors>
</robot>
